<?xml version="1.0" encoding="UTF-8"?>
<!-- Generated by org.testng.reporters.JUnitXMLReporter -->
<testsuite ignored="0" hostname="DESKTOP-B9IEF7A" failures="0" tests="5" name="Test" time="0.967" errors="0" timestamp="2022-12-31T21:10:24 IST">
  <testcase classname="sanity.Homepage" name="loginByMobileNumber" time="0.402"/>
  <testcase classname="sanity.Homepage" name="verifyLoginbyEmail" time="0.008"/>
  <testcase classname="sanity.Login" name="verifyItems" time="0.008"/>
  <testcase classname="sanity.Login" name="verifysearch" time="0.006"/>
  <testcase classname="sanity.Login" name="verifysignInButton" time="0.006"/>
</testsuite> <!-- Test -->
