<?xml version="1.0" encoding="UTF-8"?>
<!-- Generated by org.testng.reporters.JUnitXMLReporter -->
<testsuite ignored="0" hostname="DESKTOP-B9IEF7A" failures="0" tests="5" name="Test" time="0.991" errors="0" timestamp="2022-12-31T21:54:28 IST">
  <testcase classname="sanity.Homepage" name="loginByMobileNumber" time="0.444"/>
  <testcase classname="sanity.Homepage" name="verifyLoginbyEmail" time="0.009"/>
  <testcase classname="sanity.Login" name="verifyItems" time="0.005"/>
  <testcase classname="sanity.Login" name="verifysearch" time="0.004"/>
  <testcase classname="sanity.Login" name="verifysignInButton" time="0.006"/>
</testsuite> <!-- Test -->
