<?xml version="1.0" encoding="UTF-8"?>
<!-- Generated by org.testng.reporters.JUnitXMLReporter -->
<testsuite ignored="0" hostname="DESKTOP-B9IEF7A" failures="0" tests="7" name="Test" time="0.089" errors="0" timestamp="2022-12-31T21:54:29 IST">
  <testcase classname="Functionaltest.payment" name="verifyCreditCard" time="0.004"/>
  <testcase classname="Functionaltest.payment" name="verifyDebitCard" time="0.005"/>
  <testcase classname="Functionaltest.payment" name="verifyNetBanking" time="0.004"/>
  <testcase classname="Functionaltest.payment" name="verifyUPI" time="0.008"/>
  <testcase classname="Functionaltest.product" name="verifyGrocery" time="0.008"/>
  <testcase classname="Functionaltest.product" name="verifyHouseholdItoms" time="0.006"/>
  <testcase classname="Functionaltest.product" name="verifyelectronic" time="0.004"/>
</testsuite> <!-- Test -->
