<?xml version="1.0" encoding="UTF-8"?>
<testng-results ignored="0" total="12" passed="12" failed="0" skipped="0">
  <reporter-output>
  </reporter-output>
  <suite started-at="2022-12-31T21:10:23 IST" name="Suite" finished-at="2022-12-31T21:10:24 IST" duration-ms="967">
    <groups>
    </groups>
    <test started-at="2022-12-31T21:10:23 IST" name="Test" finished-at="2022-12-31T21:10:24 IST" duration-ms="967">
      <class name="sanity.Login">
        <test-method signature="verifyItems()[pri:0, instance:sanity.Login@14fc1f0]" started-at="2022-12-31T21:10:24 IST" name="verifyItems" finished-at="2022-12-31T21:10:24 IST" duration-ms="8" status="PASS">
          <reporter-output>
          </reporter-output>
        </test-method> <!-- verifyItems -->
        <test-method signature="verifysearch()[pri:0, instance:sanity.Login@14fc1f0]" started-at="2022-12-31T21:10:24 IST" name="verifysearch" finished-at="2022-12-31T21:10:24 IST" duration-ms="6" status="PASS">
          <reporter-output>
          </reporter-output>
        </test-method> <!-- verifysearch -->
        <test-method signature="verifysignInButton()[pri:0, instance:sanity.Login@14fc1f0]" started-at="2022-12-31T21:10:24 IST" name="verifysignInButton" finished-at="2022-12-31T21:10:24 IST" duration-ms="6" status="PASS">
          <reporter-output>
          </reporter-output>
        </test-method> <!-- verifysignInButton -->
      </class> <!-- sanity.Login -->
      <class name="sanity.Homepage">
        <test-method signature="loginByMobileNumber()[pri:0, instance:sanity.Homepage@5f354bcf]" started-at="2022-12-31T21:10:23 IST" name="loginByMobileNumber" finished-at="2022-12-31T21:10:24 IST" duration-ms="402" status="PASS">
          <reporter-output>
          </reporter-output>
        </test-method> <!-- loginByMobileNumber -->
        <test-method signature="verifyLoginbyEmail()[pri:0, instance:sanity.Homepage@5f354bcf]" started-at="2022-12-31T21:10:24 IST" name="verifyLoginbyEmail" finished-at="2022-12-31T21:10:24 IST" duration-ms="8" status="PASS">
          <reporter-output>
          </reporter-output>
        </test-method> <!-- verifyLoginbyEmail -->
      </class> <!-- sanity.Homepage -->
    </test> <!-- Test -->
  </suite> <!-- Suite -->
  <suite started-at="2022-12-31T21:10:24 IST" name="Suite (0)" finished-at="2022-12-31T21:10:24 IST" duration-ms="128">
    <groups>
    </groups>
    <test started-at="2022-12-31T21:10:24 IST" name="Test" finished-at="2022-12-31T21:10:24 IST" duration-ms="128">
      <class name="Functionaltest.product">
        <test-method signature="verifyGrocery()[pri:0, instance:Functionaltest.product@24ba9639]" started-at="2022-12-31T21:10:24 IST" name="verifyGrocery" finished-at="2022-12-31T21:10:24 IST" duration-ms="6" status="PASS">
          <reporter-output>
          </reporter-output>
        </test-method> <!-- verifyGrocery -->
        <test-method signature="verifyHouseholdItoms()[pri:0, instance:Functionaltest.product@24ba9639]" started-at="2022-12-31T21:10:24 IST" name="verifyHouseholdItoms" finished-at="2022-12-31T21:10:24 IST" duration-ms="6" status="PASS">
          <reporter-output>
          </reporter-output>
        </test-method> <!-- verifyHouseholdItoms -->
        <test-method signature="verifyelectronic()[pri:0, instance:Functionaltest.product@24ba9639]" started-at="2022-12-31T21:10:24 IST" name="verifyelectronic" finished-at="2022-12-31T21:10:24 IST" duration-ms="9" status="PASS">
          <reporter-output>
          </reporter-output>
        </test-method> <!-- verifyelectronic -->
      </class> <!-- Functionaltest.product -->
      <class name="Functionaltest.payment">
        <test-method signature="verifyCreditCard()[pri:0, instance:Functionaltest.payment@2f62ea70]" started-at="2022-12-31T21:10:24 IST" name="verifyCreditCard" finished-at="2022-12-31T21:10:24 IST" duration-ms="13" status="PASS">
          <reporter-output>
          </reporter-output>
        </test-method> <!-- verifyCreditCard -->
        <test-method signature="verifyDebitCard()[pri:0, instance:Functionaltest.payment@2f62ea70]" started-at="2022-12-31T21:10:24 IST" name="verifyDebitCard" finished-at="2022-12-31T21:10:24 IST" duration-ms="5" status="PASS">
          <reporter-output>
          </reporter-output>
        </test-method> <!-- verifyDebitCard -->
        <test-method signature="verifyNetBanking()[pri:0, instance:Functionaltest.payment@2f62ea70]" started-at="2022-12-31T21:10:24 IST" name="verifyNetBanking" finished-at="2022-12-31T21:10:24 IST" duration-ms="7" status="PASS">
          <reporter-output>
          </reporter-output>
        </test-method> <!-- verifyNetBanking -->
        <test-method signature="verifyUPI()[pri:0, instance:Functionaltest.payment@2f62ea70]" started-at="2022-12-31T21:10:24 IST" name="verifyUPI" finished-at="2022-12-31T21:10:24 IST" duration-ms="13" status="PASS">
          <reporter-output>
          </reporter-output>
        </test-method> <!-- verifyUPI -->
      </class> <!-- Functionaltest.payment -->
    </test> <!-- Test -->
  </suite> <!-- Suite (0) -->
  <suite started-at="2022-12-31T21:10:25 IST" name="MasterSuite" finished-at="2022-12-31T21:10:25 IST" duration-ms="0">
    <groups>
    </groups>
  </suite> <!-- MasterSuite -->
</testng-results>
